<?xml version="1.0" encoding="utf-8"?><testsuites name="pytest tests"><testsuite name="pytest" errors="0" failures="0" skipped="0" tests="6" time="1.206" timestamp="2026-07-11T20:26:17.131121+00:00" hostname="agent-env-a394d0e0-52e8-4bba-aa7f-18b87355f9ae"><testcase classname="tests.test_contact_api.TestPortfolioHealthAndContact" name="test_backend_import_health" time="0.000" /><testcase classname="tests.test_contact_api.TestPortfolioHealthAndContact" name="test_health_endpoint" time="0.156" /><testcase classname="tests.test_contact_api.TestPortfolioHealthAndContact" name="test_contact_status_unconfigured" time="0.152" /><testcase classname="tests.test_contact_api.TestPortfolioHealthAndContact" name="test_contact_post_returns_503_when_unconfigured" time="0.109" /><testcase classname="tests.test_contact_api.TestPortfolioHealthAndContact" name="test_contact_rejects_without_consent" time="0.096" /><testcase classname="tests.test_contact_api.TestPortfolioHealthAndContact" name="test_contact_honeypot_returns_accepted" time="0.113" /></testsuite></testsuites>